<?xml version="1.0" encoding="utf-8"?><testsuites name="pytest tests"><testsuite name="pytest" errors="0" failures="0" skipped="0" tests="15" time="0.432" timestamp="2026-04-20T20:07:21.701651+00:00" hostname="agent-env-72ec35e7-da6c-41bc-a983-fc8ef88d2660"><testcase classname="backend.tests.test_iteration4_vargas.TestVargasStructure" name="test_varga_order_field" time="0.268" /><testcase classname="backend.tests.test_iteration4_vargas.TestVargasStructure" name="test_vargas_keys_present" time="0.000" /><testcase classname="backend.tests.test_iteration4_vargas.TestVargasStructure" name="test_each_varga_shape" time="0.000" /><testcase classname="backend.tests.test_iteration4_vargas.TestVargasStructure" name="test_d1_subtitle" time="0.000" /><testcase classname="backend.tests.test_iteration4_vargas.TestVargasStructure" name="test_d30_subtitle" time="0.000" /><testcase classname="backend.tests.test_iteration4_vargas.TestVargasStructure" name="test_d60_subtitle" time="0.000" /><testcase classname="backend.tests.test_iteration4_vargas.TestVargasStructure" name="test_planets_present_in_each_varga" time="0.000" /><testcase classname="backend.tests.test_iteration4_vargas.TestBackwardCompat" name="test_legacy_d1_d2_d9_present" time="0.000" /><testcase classname="backend.tests.test_iteration4_vargas.TestBackwardCompat" name="test_legacy_d1_chart_matches_vargas_d1" time="0.000" /><testcase classname="backend.tests.test_iteration4_vargas.TestBackwardCompat" name="test_legacy_d9_chart_matches_vargas_d9" time="0.000" /><testcase classname="backend.tests.test_iteration4_vargas.TestNavamsaFormula" name="test_d9_formula_for_each_planet" time="0.000" /><testcase classname="backend.tests.test_iteration4_vargas.TestD30TrimshamshaUnit" name="test_module_import" time="0.000" /><testcase classname="backend.tests.test_iteration4_vargas.TestD30TrimshamshaUnit" name="test_d30_odd_sign_aries_segments" time="0.000" /><testcase classname="backend.tests.test_iteration4_vargas.TestD30TrimshamshaUnit" name="test_d30_even_sign_taurus_segments" time="0.000" /><testcase classname="backend.tests.test_iteration4_vargas.TestD30TrimshamshaUnit" name="test_d30_capricorn_10_degrees" time="0.000" /></testsuite></testsuites>