<?xml version="1.0" encoding="utf-8"?><testsuites name="pytest tests"><testsuite name="pytest" errors="0" failures="0" skipped="0" tests="13" time="1.646" timestamp="2026-04-20T19:50:30.644179+00:00" hostname="agent-env-72ec35e7-da6c-41bc-a983-fc8ef88d2660"><testcase classname="backend.tests.test_iteration3.TestAyanamsaOptions" name="test_returns_seven_options" time="0.177" /><testcase classname="backend.tests.test_iteration3.TestAyanamsaOptions" name="test_each_option_has_id_and_label" time="0.143" /><testcase classname="backend.tests.test_iteration3.TestAyanamsaCalculate" name="test_lahiri_default_ascendant_pisces" time="0.159" /><testcase classname="backend.tests.test_iteration3.TestAyanamsaCalculate" name="test_raman_ascendant_pisces" time="0.149" /><testcase classname="backend.tests.test_iteration3.TestAyanamsaCalculate" name="test_sayan_tropical_ascendant_aries" time="0.157" /><testcase classname="backend.tests.test_iteration3.TestAyanamsaCalculate" name="test_kp_new_and_kp_old_consistent" time="0.258" /><testcase classname="backend.tests.test_iteration3.TestAyanamsaCalculate" name="test_kp_khullar_returns_chart" time="0.109" /><testcase classname="backend.tests.test_iteration3.TestAyanamsaCalculate" name="test_manoj_returns_chart" time="0.119" /><testcase classname="backend.tests.test_iteration3.TestLegacyFieldsPreserved" name="test_dasha_ashtakavarga_charts_intact_with_ayanamsa_param" time="0.128" /><testcase classname="backend.tests.test_iteration3.TestAdvancedPanchangYogas" name="test_auspicious_timings_present" time="0.157" /><testcase classname="backend.tests.test_iteration3.TestAdvancedPanchangYogas" name="test_amrit_kalam_entries_have_start_end_nakshatra" time="0.000" /><testcase classname="backend.tests.test_iteration3.TestAdvancedPanchangYogas" name="test_inauspicious_varjyam_present" time="0.000" /><testcase classname="backend.tests.test_iteration3.TestAdvancedPanchangYogas" name="test_siddhi_yoga_lists_are_lists" time="0.000" /></testsuite></testsuites>