<?xml version="1.0" encoding="utf-8"?><testsuites name="pytest tests"><testsuite name="pytest" errors="0" failures="0" skipped="0" tests="15" time="3.659" timestamp="2026-04-20T20:55:13.077858+00:00" hostname="agent-env-72ec35e7-da6c-41bc-a983-fc8ef88d2660"><testcase classname="tests.test_muhurta_api" name="test_muhurta_purposes_list" time="0.223" /><testcase classname="tests.test_muhurta_api" name="test_find_muhurta_happy_path" time="0.136" /><testcase classname="tests.test_muhurta_api" name="test_find_muhurta_with_native_filters" time="0.352" /><testcase classname="tests.test_muhurta_api" name="test_find_muhurta_unknown_purpose" time="0.058" /><testcase classname="tests.test_muhurta_api" name="test_find_muhurta_end_before_start" time="0.052" /><testcase classname="tests.test_muhurta_api" name="test_find_muhurta_range_too_large" time="0.055" /><testcase classname="tests.test_muhurta_api" name="test_calculate_regression" time="0.065" /><testcase classname="tests.test_muhurta_api" name="test_get_panchang_regression" time="0.062" /><testcase classname="tests.test_muhurta_api" name="test_ayanamsa_options_regression" time="0.053" /><testcase classname="tests.test_muhurta" name="test_list_purposes_shape" time="0.000" /><testcase classname="tests.test_muhurta" name="test_find_muhurtas_marriage_range" time="0.210" /><testcase classname="tests.test_muhurta" name="test_marriage_avoids_rikta_tithis" time="0.883" /><testcase classname="tests.test_muhurta" name="test_tarabalam_filter_changes_score" time="0.410" /><testcase classname="tests.test_muhurta" name="test_bad_inputs" time="0.000" /><testcase classname="tests.test_muhurta" name="test_score_capped_0_100" time="0.318" /></testsuite></testsuites>