<?xml version="1.0" encoding="utf-8"?><testsuites name="pytest tests"><testsuite name="pytest" errors="0" failures="0" skipped="0" tests="57" time="2.613" timestamp="2026-04-20T19:50:36.673780+00:00" hostname="agent-env-72ec35e7-da6c-41bc-a983-fc8ef88d2660"><testcase classname="backend.tests.test_iteration3.TestAyanamsaOptions" name="test_returns_seven_options" time="0.162" /><testcase classname="backend.tests.test_iteration3.TestAyanamsaOptions" name="test_each_option_has_id_and_label" time="0.132" /><testcase classname="backend.tests.test_iteration3.TestAyanamsaCalculate" name="test_lahiri_default_ascendant_pisces" time="0.141" /><testcase classname="backend.tests.test_iteration3.TestAyanamsaCalculate" name="test_raman_ascendant_pisces" time="0.175" /><testcase classname="backend.tests.test_iteration3.TestAyanamsaCalculate" name="test_sayan_tropical_ascendant_aries" time="0.099" /><testcase classname="backend.tests.test_iteration3.TestAyanamsaCalculate" name="test_kp_new_and_kp_old_consistent" time="0.258" /><testcase classname="backend.tests.test_iteration3.TestAyanamsaCalculate" name="test_kp_khullar_returns_chart" time="0.110" /><testcase classname="backend.tests.test_iteration3.TestAyanamsaCalculate" name="test_manoj_returns_chart" time="0.125" /><testcase classname="backend.tests.test_iteration3.TestLegacyFieldsPreserved" name="test_dasha_ashtakavarga_charts_intact_with_ayanamsa_param" time="0.134" /><testcase classname="backend.tests.test_iteration3.TestAdvancedPanchangYogas" name="test_auspicious_timings_present" time="0.127" /><testcase classname="backend.tests.test_iteration3.TestAdvancedPanchangYogas" name="test_amrit_kalam_entries_have_start_end_nakshatra" time="0.000" /><testcase classname="backend.tests.test_iteration3.TestAdvancedPanchangYogas" name="test_inauspicious_varjyam_present" time="0.000" /><testcase classname="backend.tests.test_iteration3.TestAdvancedPanchangYogas" name="test_siddhi_yoga_lists_are_lists" time="0.000" /><testcase classname="backend.tests.test_panchang_detailed.TestKelownaReference" name="test_top_level_sections" time="0.143" /><testcase classname="backend.tests.test_panchang_detailed.TestKelownaReference" name="test_sunrise_around_0556" time="0.000" /><testcase classname="backend.tests.test_panchang_detailed.TestKelownaReference" name="test_tithi_shukla_chaturthi" time="0.000" /><testcase classname="backend.tests.test_panchang_detailed.TestKelownaReference" name="test_nakshatra_rohini" time="0.000" /><testcase classname="backend.tests.test_panchang_detailed.TestKelownaReference" name="test_yoga_shobhana" time="0.000" /><testcase classname="backend.tests.test_panchang_detailed.TestKelownaReference" name="test_karana_first_vishti" time="0.000" /><testcase classname="backend.tests.test_panchang_detailed.TestKelownaReference" name="test_moonsign_vrishabha" time="0.000" /><testcase classname="backend.tests.test_panchang_detailed.TestKelownaReference" name="test_sunsign_mesha" time="0.000" /><testcase classname="backend.tests.test_panchang_detailed.TestKelownaReference" name="test_surya_nakshatra_ashwini_pada_2" time="0.000" /><testcase classname="backend.tests.test_panchang_detailed.TestKelownaReference" name="test_rahu_kalam_window" time="0.000" /><testcase classname="backend.tests.test_panchang_detailed.TestKelownaReference" name="test_brahma_muhurta_window" time="0.000" /><testcase classname="backend.tests.test_panchang_detailed.TestKelownaReference" name="test_shaka_samvat_1948_parabhava" time="0.000" /><testcase classname="backend.tests.test_panchang_detailed.TestKelownaReference" name="test_vikram_samvat_2083_siddharthi" time="0.000" /><testcase classname="backend.tests.test_panchang_detailed.TestKelownaReference" name="test_kali_ahargana" time="0.000" /><testcase classname="backend.tests.test_panchang_detailed.TestKelownaReference" name="test_ayanamsha_lahiri" time="0.000" /><testcase classname="backend.tests.test_panchang_detailed.TestKelownaReference" name="test_udaya_lagna_count" time="0.000" /><testcase classname="backend.tests.test_panchang_detailed.TestKelownaReference" name="test_auspicious_seven_timings" time="0.000" /><testcase classname="backend.tests.test_panchang_detailed.TestKelownaReference" name="test_inauspicious_required" time="0.000" /><testcase classname="backend.tests.test_panchang_detailed.TestKelownaReference" name="test_chandrabalam_six" time="0.000" /><testcase classname="backend.tests.test_panchang_detailed.TestKelownaReference" name="test_tarabalam_about_18" time="0.000" /><testcase classname="backend.tests.test_panchang_detailed.TestKelownaReference" name="test_shool_vasa_present" time="0.000" /><testcase classname="backend.tests.test_panchang_detailed.TestKelownaReference" name="test_calendars_complete" time="0.000" /><testcase classname="backend.tests.test_panchang_detailed.TestDelhiTodayDetailed" name="test_sunrise_in_ist" time="0.157" /><testcase classname="backend.tests.test_panchang_detailed.TestDelhiTodayDetailed" name="test_lunar_month_keys" time="0.000" /><testcase classname="backend.tests.test_vedic_api.TestCalculateContract" name="test_required_fields_present" time="0.131" /><testcase classname="backend.tests.test_vedic_api.TestCalculateContract" name="test_planets_count" time="0.000" /><testcase classname="backend.tests.test_vedic_api.TestCalculateContract" name="test_planet_entry_fields" time="0.000" /><testcase classname="backend.tests.test_vedic_api.TestCalculateContract" name="test_julian_day_correct" time="0.000" /><testcase classname="backend.tests.test_vedic_api.TestCalculateAccuracy" name="test_rahu_ketu_180_apart" time="0.000" /><testcase classname="backend.tests.test_vedic_api.TestCalculateAccuracy" name="test_d9_sign_calculation_valid" time="0.000" /><testcase classname="backend.tests.test_vedic_api.TestCalculateAccuracy" name="test_d2_hora_correctness" time="0.000" /><testcase classname="backend.tests.test_vedic_api.TestCalculateAccuracy" name="test_sun_sign_sagittarius" time="0.000" /><testcase classname="backend.tests.test_vedic_api.TestVimshottariDasha" name="test_nine_periods" time="0.000" /><testcase classname="backend.tests.test_vedic_api.TestVimshottariDasha" name="test_total_years_120" time="0.000" /><testcase classname="backend.tests.test_vedic_api.TestAshtakavarga" name="test_sav_total_close_to_337" time="0.000" /><testcase classname="backend.tests.test_vedic_api.TestAshtakavarga" name="test_bav_per_planet_total" time="0.000" /><testcase classname="backend.tests.test_vedic_api.TestCalculateValidation" name="test_invalid_date_returns_400" time="0.132" /><testcase classname="backend.tests.test_vedic_api.TestCalculateValidation" name="test_invalid_time_returns_400" time="0.117" /><testcase classname="backend.tests.test_vedic_api.TestPanchang" name="test_five_limbs_present" time="0.130" /><testcase classname="backend.tests.test_vedic_api.TestPanchang" name="test_sun_moon_times_iso" time="0.000" /><testcase classname="backend.tests.test_vedic_api.TestPanchang" name="test_inauspicious_windows" time="0.000" /><testcase classname="backend.tests.test_vedic_api.TestPanchang" name="test_abhijit_centered_on_midday" time="0.000" /><testcase classname="backend.tests.test_vedic_api.TestPanchang" name="test_thursday_rahu_kaal_is_6th_segment" time="0.114" /><testcase classname="backend.tests.test_vedic_api.TestPanchang" name="test_default_date_is_today" time="0.130" /></testsuite></testsuites>